2018-2-26 14:39:55 147  modulefile=C:\Users\1\AppData\Local\liebao\6.0.114.14266\uninst.exe,installPath=C:\Users\1\AppData\Local\liebao\
2018-2-26 14:39:55 591  RunApp szPath=C:\Users\1\AppData\Local\Temp\uninst.exe,szCmd=QQPCSoftMgr.exe,dwWaitTime=0,bShow=1,bWaitTimeTermination=0

2018-2-26 14:39:55 942  RunApp bRet=1

2018-2-26 14:39:55 971  modulefile=C:\Users\1\AppData\Local\Temp\uninst.exe,installPath=C:\Users\1\AppData\Local\liebao\
2018-2-26 14:40:08 752  modulefile=C:\Users\1\AppData\Local\liebao\6.0.114.14266\uninst.exe,installPath=C:\Users\1\AppData\Local\liebao\
2018-2-26 14:40:09 147  RunApp szPath=C:\Users\1\AppData\Local\Temp\uninst.exe,szCmd=QQPCSoftMgr.exe,dwWaitTime=0,bShow=1,bWaitTimeTermination=0

2018-2-26 14:40:09 341  RunApp bRet=1

2018-2-26 14:40:09 371  modulefile=C:\Users\1\AppData\Local\Temp\uninst.exe,installPath=C:\Users\1\AppData\Local\liebao\
2018-2-26 14:40:15 328  RealDownloadUninstallConfigFunc start
2018-2-26 14:40:15 536  DeleteShortcut begin!!
2018-2-26 14:40:15 550  URLDownloadToFile start 0x0
2018-2-26 14:40:15 550  RealDownloadUninstallConfigFunc end
2018-2-26 14:40:15 616  CreateShellLink start...
2018-2-26 14:40:15 620  Save = 0x80070002
2018-2-26 14:40:15 796  ShellExecute ret=0x1f

2018-2-26 14:40:15 812  DeleteShortcut end!!
2018-2-26 14:40:15 844  DeleteProductFile begin!!
2018-2-26 14:40:15 844  File C Not Exits
2018-2-26 14:40:15 844  DeleteProductFile end!!
2018-2-26 14:40:15 844  StopSvr begin!!
2018-2-26 14:40:15 844  StopSvr = C:\Users\1\AppData\Local\liebao\6.0.114.14266 

2018-2-26 14:40:15 844  GetDebugPrivilege bRet=1,code=0

2018-2-26 14:40:15 845  KillProcessByPath Begin

2018-2-26 14:40:15 845  KillProcessByPath path:\Device\HarddiskVolume1\Users\1\AppData\Local\liebao\6.0.114.14266\knbcenter.exe
2018-2-26 14:40:15 877  KillProcessByPath End

2018-2-26 14:40:15 877  service DeleteSubKeyTree fail, err=2

2018-2-26 14:40:15 877  StopSvr dwcode=0
2018-2-26 14:40:15 877  StopSvr end!!
2018-2-26 14:40:17 971  ClearBDHDFolder begin!!
2018-2-26 14:40:17 971  ClearBDHDFolder end!!
